<?xml version="1.0" encoding="UTF-8"?>
<robot generator="Robot 3.2.2 (Python 3.8.5 on linux)" generated="20201023 20:16:41.775" rpa="false">
<suite id="s1" name="Test" source="/home/edson/workspace/labs/robot-framework/qa-ninja/robot/test.robot">
<test id="s1-t1" name="Deve retornar mensagem de boas vindas">
<kw name="Welcome" library="app">
<arguments>
<arg>Edson</arg>
</arguments>
<assign>
<var>${result}</var>
</assign>
<msg timestamp="20201023 20:16:41.825" level="INFO">${result} = Olá Edson, Bem vindo ao curso básico de Robot Framework!!!</msg>
<status status="PASS" starttime="20201023 20:16:41.825" endtime="20201023 20:16:41.826"></status>
</kw>
<kw name="Should Be Equal" library="BuiltIn">
<doc>Fails if the given objects are unequal.</doc>
<arguments>
<arg>${result}</arg>
<arg>Olá Edson, Bem vindo ao curso básico de Robot Framework!!!</arg>
</arguments>
<status status="PASS" starttime="20201023 20:16:41.826" endtime="20201023 20:16:41.827"></status>
</kw>
<status status="PASS" starttime="20201023 20:16:41.824" endtime="20201023 20:16:41.827" critical="yes"></status>
</test>
<status status="PASS" starttime="20201023 20:16:41.778" endtime="20201023 20:16:41.828"></status>
</suite>
<statistics>
<total>
<stat pass="1" fail="0">Critical Tests</stat>
<stat pass="1" fail="0">All Tests</stat>
</total>
<tag>
</tag>
<suite>
<stat pass="1" fail="0" id="s1" name="Test">Test</stat>
</suite>
</statistics>
<errors>
</errors>
</robot>
