<?xml version="1.0" encoding="UTF-8"?>
<robot generator="Robot 3.2.2 (Python 3.8.5 on linux)" generated="20201029 20:13:27.901" rpa="false">
<suite id="s1" name="Login Form" source="/home/edson/workspace/labs/robot-framework/qa-ninja/robot/web/tests/login_form.robot">
<test id="s1-t1" name="Login Invalid">
<kw name="New Session" library="base" type="setup">
<kw name="Open Browser" library="SeleniumLibrary">
<doc>Opens a new browser instance to the optional ``url``.</doc>
<arguments>
<arg>${url}</arg>
<arg>firefox</arg>
</arguments>
<msg timestamp="20201029 20:13:28.082" level="INFO">Opening browser 'firefox' to base url 'https://training-wheels-protocol.herokuapp.com'.</msg>
<msg timestamp="20201029 20:13:28.083" level="INFO">Firefox driver log is always forced to to: /home/edson/workspace/labs/robot-framework/qa-ninja/robot/web/tests/log/geckodriver-11.log</msg>
<status status="PASS" starttime="20201029 20:13:28.082" endtime="20201029 20:14:28.643"></status>
</kw>
<status status="PASS" starttime="20201029 20:13:28.082" endtime="20201029 20:14:28.643"></status>
</kw>
<kw name="Go To" library="SeleniumLibrary">
<doc>Navigates the current browser window to the provided ``url``.</doc>
<arguments>
<arg>${url}/login</arg>
</arguments>
<msg timestamp="20201029 20:14:28.644" level="INFO">Opening url 'https://training-wheels-protocol.herokuapp.com/login'</msg>
<status status="PASS" starttime="20201029 20:14:28.644" endtime="20201029 20:14:35.882"></status>
</kw>
<kw name="Input Text" library="SeleniumLibrary">
<doc>Types the given ``text`` into the text field identified by ``locator``.</doc>
<arguments>
<arg>css:input[name=username]</arg>
<arg>stark</arg>
</arguments>
<msg timestamp="20201029 20:14:35.883" level="INFO">Typing text 'stark' into text field 'css:input[name=username]'.</msg>
<status status="PASS" starttime="20201029 20:14:35.883" endtime="20201029 20:14:35.949"></status>
</kw>
<kw name="Input Text" library="SeleniumLibrary">
<doc>Types the given ``text`` into the text field identified by ``locator``.</doc>
<arguments>
<arg>css:input[name=password]</arg>
<arg>jarvisxpto!</arg>
</arguments>
<msg timestamp="20201029 20:14:35.950" level="INFO">Typing text 'jarvisxpto!' into text field 'css:input[name=password]'.</msg>
<status status="PASS" starttime="20201029 20:14:35.950" endtime="20201029 20:14:35.996"></status>
</kw>
<kw name="Click Element" library="SeleniumLibrary">
<doc>Click the element identified by ``locator``.</doc>
<arguments>
<arg>class:btn-login</arg>
</arguments>
<msg timestamp="20201029 20:14:35.997" level="INFO">Clicking element 'class:btn-login'.</msg>
<status status="PASS" starttime="20201029 20:14:35.997" endtime="20201029 20:14:36.945"></status>
</kw>
<kw name="Get WebElement" library="SeleniumLibrary">
<doc>Returns the first WebElement matching the given ``locator``.</doc>
<arguments>
<arg>id:flash</arg>
</arguments>
<assign>
<var>${message}</var>
</assign>
<msg timestamp="20201029 20:14:36.968" level="INFO">${message} = &lt;selenium.webdriver.firefox.webelement.FirefoxWebElement (session="9aa45dac-51ee-41cc-bc88-cede7180e8ba", element="2f296d73-ef96-4235-afa7-d80187ccf8bc")&gt;</msg>
<status status="PASS" starttime="20201029 20:14:36.946" endtime="20201029 20:14:36.968"></status>
</kw>
<kw name="Should Contain" library="BuiltIn">
<doc>Fails if ``container`` does not contain ``item`` one or more times.</doc>
<arguments>
<arg>${message.text}</arg>
<arg>Senha é invalida!</arg>
</arguments>
<status status="PASS" starttime="20201029 20:14:36.968" endtime="20201029 20:14:37.004"></status>
</kw>
<kw name="End Session" library="base" type="teardown">
<kw name="Capture Page Screenshot" library="SeleniumLibrary">
<doc>Takes a screenshot of the current page and embeds it into a log file.</doc>
<msg timestamp="20201029 20:14:37.169" level="INFO" html="yes">&lt;/td&gt;&lt;/tr&gt;&lt;tr&gt;&lt;td colspan="3"&gt;&lt;a href="selenium-screenshot-12.png"&gt;&lt;img src="selenium-screenshot-12.png" width="800px"&gt;&lt;/a&gt;</msg>
<status status="PASS" starttime="20201029 20:14:37.006" endtime="20201029 20:14:37.169"></status>
</kw>
<kw name="Close Browser" library="SeleniumLibrary">
<doc>Closes the current browser.</doc>
<status status="PASS" starttime="20201029 20:14:37.170" endtime="20201029 20:14:39.824"></status>
</kw>
<status status="PASS" starttime="20201029 20:14:37.005" endtime="20201029 20:14:39.825"></status>
</kw>
<tags>
<tag>login_error</tag>
</tags>
<status status="PASS" starttime="20201029 20:13:28.081" endtime="20201029 20:14:39.825" critical="yes"></status>
</test>
<test id="s1-t2" name="User not found (404)">
<kw name="New Session" library="base" type="setup">
<kw name="Open Browser" library="SeleniumLibrary">
<doc>Opens a new browser instance to the optional ``url``.</doc>
<arguments>
<arg>${url}</arg>
<arg>firefox</arg>
</arguments>
<msg timestamp="20201029 20:14:39.829" level="INFO">Opening browser 'firefox' to base url 'https://training-wheels-protocol.herokuapp.com'.</msg>
<msg timestamp="20201029 20:14:39.829" level="INFO">Firefox driver log is always forced to to: /home/edson/workspace/labs/robot-framework/qa-ninja/robot/web/tests/log/geckodriver-12.log</msg>
<status status="PASS" starttime="20201029 20:14:39.828" endtime="20201029 20:15:51.562"></status>
</kw>
<status status="PASS" starttime="20201029 20:14:39.828" endtime="20201029 20:15:51.562"></status>
</kw>
<kw name="Go To" library="SeleniumLibrary">
<doc>Navigates the current browser window to the provided ``url``.</doc>
<arguments>
<arg>${url}/login</arg>
</arguments>
<msg timestamp="20201029 20:15:51.563" level="INFO">Opening url 'https://training-wheels-protocol.herokuapp.com/login'</msg>
<status status="PASS" starttime="20201029 20:15:51.563" endtime="20201029 20:15:53.198"></status>
</kw>
<kw name="Input Text" library="SeleniumLibrary">
<doc>Types the given ``text`` into the text field identified by ``locator``.</doc>
<arguments>
<arg>css:input[name=username]</arg>
<arg>edson</arg>
</arguments>
<msg timestamp="20201029 20:15:53.199" level="INFO">Typing text 'edson' into text field 'css:input[name=username]'.</msg>
<status status="PASS" starttime="20201029 20:15:53.198" endtime="20201029 20:15:53.271"></status>
</kw>
<kw name="Input Text" library="SeleniumLibrary">
<doc>Types the given ``text`` into the text field identified by ``locator``.</doc>
<arguments>
<arg>css:input[name=password]</arg>
<arg>jarvisxpto!</arg>
</arguments>
<msg timestamp="20201029 20:15:53.272" level="INFO">Typing text 'jarvisxpto!' into text field 'css:input[name=password]'.</msg>
<status status="PASS" starttime="20201029 20:15:53.272" endtime="20201029 20:15:53.321"></status>
</kw>
<kw name="Click Element" library="SeleniumLibrary">
<doc>Click the element identified by ``locator``.</doc>
<arguments>
<arg>class:btn-login</arg>
</arguments>
<msg timestamp="20201029 20:15:53.322" level="INFO">Clicking element 'class:btn-login'.</msg>
<status status="PASS" starttime="20201029 20:15:53.321" endtime="20201029 20:15:54.211"></status>
</kw>
<kw name="Get WebElement" library="SeleniumLibrary">
<doc>Returns the first WebElement matching the given ``locator``.</doc>
<arguments>
<arg>id:flash</arg>
</arguments>
<assign>
<var>${message}</var>
</assign>
<msg timestamp="20201029 20:15:54.230" level="INFO">${message} = &lt;selenium.webdriver.firefox.webelement.FirefoxWebElement (session="1bafa7b6-58be-42c0-b254-1639ac73602c", element="d2da4c94-5c9e-42fc-bdfa-9bfdb5cf29c4")&gt;</msg>
<status status="PASS" starttime="20201029 20:15:54.211" endtime="20201029 20:15:54.230"></status>
</kw>
<kw name="Should Contain" library="BuiltIn">
<doc>Fails if ``container`` does not contain ``item`` one or more times.</doc>
<arguments>
<arg>${message.text}</arg>
<arg>O usuário informado não está cadastrado!</arg>
</arguments>
<status status="PASS" starttime="20201029 20:15:54.231" endtime="20201029 20:15:54.266"></status>
</kw>
<kw name="End Session" library="base" type="teardown">
<kw name="Capture Page Screenshot" library="SeleniumLibrary">
<doc>Takes a screenshot of the current page and embeds it into a log file.</doc>
<msg timestamp="20201029 20:15:54.435" level="INFO" html="yes">&lt;/td&gt;&lt;/tr&gt;&lt;tr&gt;&lt;td colspan="3"&gt;&lt;a href="selenium-screenshot-13.png"&gt;&lt;img src="selenium-screenshot-13.png" width="800px"&gt;&lt;/a&gt;</msg>
<status status="PASS" starttime="20201029 20:15:54.269" endtime="20201029 20:15:54.436"></status>
</kw>
<kw name="Close Browser" library="SeleniumLibrary">
<doc>Closes the current browser.</doc>
<status status="PASS" starttime="20201029 20:15:54.436" endtime="20201029 20:15:55.057"></status>
</kw>
<status status="PASS" starttime="20201029 20:15:54.268" endtime="20201029 20:15:55.057"></status>
</kw>
<tags>
<tag>login_error</tag>
</tags>
<status status="PASS" starttime="20201029 20:14:39.827" endtime="20201029 20:15:55.058" critical="yes"></status>
</test>
<status status="PASS" starttime="20201029 20:13:27.902" endtime="20201029 20:15:55.059"></status>
</suite>
<statistics>
<total>
<stat pass="2" fail="0">Critical Tests</stat>
<stat pass="2" fail="0">All Tests</stat>
</total>
<tag>
<stat pass="2" fail="0">login_error</stat>
</tag>
<suite>
<stat pass="2" fail="0" id="s1" name="Login Form">Login Form</stat>
</suite>
</statistics>
<errors>
</errors>
</robot>
