<?xml version="1.0" encoding="UTF-8"?>
<robot generator="Robot 3.2.2 (Python 3.8.5 on linux)" generated="20201029 19:32:46.840" rpa="false">
<suite id="s1" name="Tables" source="/home/edson/workspace/labs/robot-framework/qa-ninja/robot/web/tests/tables.robot">
<test id="s1-t1" name="Verify the value of the line">
<kw name="New Session" library="base" type="setup">
<kw name="Open Browser" library="SeleniumLibrary">
<doc>Opens a new browser instance to the optional ``url``.</doc>
<arguments>
<arg>${url}</arg>
<arg>firefox</arg>
</arguments>
<msg timestamp="20201029 19:32:47.191" level="INFO">Opening browser 'firefox' to base url 'https://training-wheels-protocol.herokuapp.com'.</msg>
<msg timestamp="20201029 19:32:47.192" level="INFO">Firefox driver log is always forced to to: /home/edson/workspace/labs/robot-framework/qa-ninja/robot/web/tests/log/geckodriver-4.log</msg>
<status status="PASS" starttime="20201029 19:32:47.191" endtime="20201029 19:33:38.424"></status>
</kw>
<status status="PASS" starttime="20201029 19:32:47.190" endtime="20201029 19:33:38.425"></status>
</kw>
<kw name="Go To" library="SeleniumLibrary">
<doc>Navigates the current browser window to the provided ``url``.</doc>
<arguments>
<arg>${url}/tables</arg>
</arguments>
<msg timestamp="20201029 19:33:38.428" level="INFO">Opening url 'https://training-wheels-protocol.herokuapp.com/tables'</msg>
<status status="PASS" starttime="20201029 19:33:38.426" endtime="20201029 19:33:39.550"></status>
</kw>
<kw name="Table Row Should Contain" library="SeleniumLibrary">
<doc>Verifies that table row contains text ``expected``.</doc>
<arguments>
<arg>id:actors</arg>
<arg>2</arg>
<arg>@vindiesel</arg>
</arguments>
<status status="PASS" starttime="20201029 19:33:39.551" endtime="20201029 19:33:39.782"></status>
</kw>
<kw name="End Session" library="base" type="teardown">
<kw name="Capture Page Screenshot" library="SeleniumLibrary">
<doc>Takes a screenshot of the current page and embeds it into a log file.</doc>
<msg timestamp="20201029 19:33:40.109" level="INFO" html="yes">&lt;/td&gt;&lt;/tr&gt;&lt;tr&gt;&lt;td colspan="3"&gt;&lt;a href="selenium-screenshot-4.png"&gt;&lt;img src="selenium-screenshot-4.png" width="800px"&gt;&lt;/a&gt;</msg>
<status status="PASS" starttime="20201029 19:33:39.784" endtime="20201029 19:33:40.110"></status>
</kw>
<kw name="Close Browser" library="SeleniumLibrary">
<doc>Closes the current browser.</doc>
<status status="PASS" starttime="20201029 19:33:40.110" endtime="20201029 19:33:41.216"></status>
</kw>
<status status="PASS" starttime="20201029 19:33:39.783" endtime="20201029 19:33:41.217"></status>
</kw>
<status status="PASS" starttime="20201029 19:32:47.187" endtime="20201029 19:33:41.217" critical="yes"></status>
</test>
<test id="s1-t2" name="Search the line by a text">
<kw name="New Session" library="base" type="setup">
<kw name="Open Browser" library="SeleniumLibrary">
<doc>Opens a new browser instance to the optional ``url``.</doc>
<arguments>
<arg>${url}</arg>
<arg>firefox</arg>
</arguments>
<msg timestamp="20201029 19:33:41.224" level="INFO">Opening browser 'firefox' to base url 'https://training-wheels-protocol.herokuapp.com'.</msg>
<msg timestamp="20201029 19:33:41.225" level="INFO">Firefox driver log is always forced to to: /home/edson/workspace/labs/robot-framework/qa-ninja/robot/web/tests/log/geckodriver-5.log</msg>
<status status="PASS" starttime="20201029 19:33:41.222" endtime="20201029 19:33:59.528"></status>
</kw>
<status status="PASS" starttime="20201029 19:33:41.221" endtime="20201029 19:33:59.528"></status>
</kw>
<kw name="Go To" library="SeleniumLibrary">
<doc>Navigates the current browser window to the provided ``url``.</doc>
<arguments>
<arg>${url}/tables</arg>
</arguments>
<msg timestamp="20201029 19:33:59.529" level="INFO">Opening url 'https://training-wheels-protocol.herokuapp.com/tables'</msg>
<status status="PASS" starttime="20201029 19:33:59.529" endtime="20201029 19:34:00.203"></status>
</kw>
<kw name="Get WebElement" library="SeleniumLibrary">
<doc>Returns the first WebElement matching the given ``locator``.</doc>
<arguments>
<arg>xpath:.//tr[contains(.,'@chadwickboseman')]</arg>
</arguments>
<assign>
<var>${target}</var>
</assign>
<msg timestamp="20201029 19:34:00.247" level="INFO">${target} = &lt;selenium.webdriver.firefox.webelement.FirefoxWebElement (session="90928dc4-52b5-4be9-a470-8dbb4e76d0a8", element="3fbbbde2-97d3-4245-a619-e32a50b40c31")&gt;</msg>
<status status="PASS" starttime="20201029 19:34:00.204" endtime="20201029 19:34:00.248"></status>
</kw>
<kw name="Log" library="BuiltIn">
<doc>Logs the given message with the given level.</doc>
<arguments>
<arg>${target.text}</arg>
</arguments>
<msg timestamp="20201029 19:34:00.365" level="INFO">Chadwick Boseman Pantera Negra Vingadores $ 700.000 @chadwickboseman edit delete</msg>
<status status="PASS" starttime="20201029 19:34:00.249" endtime="20201029 19:34:00.366"></status>
</kw>
<kw name="Log To Console" library="BuiltIn">
<doc>Logs the given message to the console.</doc>
<arguments>
<arg>${target.text}</arg>
</arguments>
<status status="PASS" starttime="20201029 19:34:00.366" endtime="20201029 19:34:00.454"></status>
</kw>
<kw name="Should Contain" library="BuiltIn">
<doc>Fails if ``container`` does not contain ``item`` one or more times.</doc>
<arguments>
<arg>${target.text}</arg>
<arg>$ 700.000</arg>
</arguments>
<status status="PASS" starttime="20201029 19:34:00.454" endtime="20201029 19:34:00.529"></status>
</kw>
<kw name="Should Contain" library="BuiltIn">
<doc>Fails if ``container`` does not contain ``item`` one or more times.</doc>
<arguments>
<arg>${target.text}</arg>
<arg>Pantera Negra</arg>
</arguments>
<status status="PASS" starttime="20201029 19:34:00.530" endtime="20201029 19:34:00.605"></status>
</kw>
<kw name="End Session" library="base" type="teardown">
<kw name="Capture Page Screenshot" library="SeleniumLibrary">
<doc>Takes a screenshot of the current page and embeds it into a log file.</doc>
<msg timestamp="20201029 19:34:00.928" level="INFO" html="yes">&lt;/td&gt;&lt;/tr&gt;&lt;tr&gt;&lt;td colspan="3"&gt;&lt;a href="selenium-screenshot-5.png"&gt;&lt;img src="selenium-screenshot-5.png" width="800px"&gt;&lt;/a&gt;</msg>
<status status="PASS" starttime="20201029 19:34:00.606" endtime="20201029 19:34:00.928"></status>
</kw>
<kw name="Close Browser" library="SeleniumLibrary">
<doc>Closes the current browser.</doc>
<status status="PASS" starttime="20201029 19:34:00.929" endtime="20201029 19:34:02.016"></status>
</kw>
<status status="PASS" starttime="20201029 19:34:00.605" endtime="20201029 19:34:02.017"></status>
</kw>
<status status="PASS" starttime="20201029 19:33:41.218" endtime="20201029 19:34:02.017" critical="yes"></status>
</test>
<status status="PASS" starttime="20201029 19:32:46.842" endtime="20201029 19:34:02.020"></status>
</suite>
<statistics>
<total>
<stat pass="2" fail="0">Critical Tests</stat>
<stat pass="2" fail="0">All Tests</stat>
</total>
<tag>
</tag>
<suite>
<stat pass="2" fail="0" id="s1" name="Tables">Tables</stat>
</suite>
</statistics>
<errors>
</errors>
</robot>
