<?xml version="1.0" encoding="UTF-8"?>
<robot generator="Robot 3.2.2 (Python 3.8.5 on linux)" generated="20201029 20:43:22.126" rpa="false">
<suite id="s1" name="Login Form" source="/home/edson/workspace/labs/robot-framework/qa-ninja/robot/web/tests/login_form.robot">
<test id="s1-t1" name="Login success">
<kw name="New Session" library="base" type="setup">
<kw name="Open Browser" library="SeleniumLibrary">
<doc>Opens a new browser instance to the optional ``url``.</doc>
<arguments>
<arg>${url}</arg>
<arg>firefox</arg>
</arguments>
<msg timestamp="20201029 20:43:22.334" level="INFO">Opening browser 'firefox' to base url 'https://training-wheels-protocol.herokuapp.com'.</msg>
<msg timestamp="20201029 20:43:22.335" level="INFO">Firefox driver log is always forced to to: /home/edson/workspace/labs/robot-framework/qa-ninja/robot/web/tests/log/geckodriver-13.log</msg>
<status status="PASS" starttime="20201029 20:43:22.333" endtime="20201029 20:45:44.936"></status>
</kw>
<status status="PASS" starttime="20201029 20:43:22.333" endtime="20201029 20:45:44.937"></status>
</kw>
<kw name="Go To" library="SeleniumLibrary">
<doc>Navigates the current browser window to the provided ``url``.</doc>
<arguments>
<arg>${url}/login</arg>
</arguments>
<msg timestamp="20201029 20:45:44.938" level="INFO">Opening url 'https://training-wheels-protocol.herokuapp.com/login'</msg>
<status status="PASS" starttime="20201029 20:45:44.938" endtime="20201029 20:45:49.240"></status>
</kw>
<kw name="Login With">
<arguments>
<arg>stark</arg>
<arg>jarvis!</arg>
</arguments>
<kw name="Input Text" library="SeleniumLibrary">
<doc>Types the given ``text`` into the text field identified by ``locator``.</doc>
<arguments>
<arg>css:input[name=username]</arg>
<arg>${username}</arg>
</arguments>
<msg timestamp="20201029 20:45:49.242" level="INFO">Typing text 'stark' into text field 'css:input[name=username]'.</msg>
<status status="PASS" starttime="20201029 20:45:49.241" endtime="20201029 20:45:49.321"></status>
</kw>
<kw name="Input Text" library="SeleniumLibrary">
<doc>Types the given ``text`` into the text field identified by ``locator``.</doc>
<arguments>
<arg>css:input[name=password]</arg>
<arg>${password}</arg>
</arguments>
<msg timestamp="20201029 20:45:49.322" level="INFO">Typing text 'jarvis!' into text field 'css:input[name=password]'.</msg>
<status status="PASS" starttime="20201029 20:45:49.321" endtime="20201029 20:45:49.364"></status>
</kw>
<kw name="Click Element" library="SeleniumLibrary">
<doc>Click the element identified by ``locator``.</doc>
<arguments>
<arg>class:btn-login</arg>
</arguments>
<msg timestamp="20201029 20:45:49.364" level="INFO">Clicking element 'class:btn-login'.</msg>
<status status="PASS" starttime="20201029 20:45:49.364" endtime="20201029 20:45:50.290"></status>
</kw>
<status status="PASS" starttime="20201029 20:45:49.240" endtime="20201029 20:45:50.291"></status>
</kw>
<kw name="Page Should Contain" library="SeleniumLibrary">
<doc>Verifies that current page contains ``text``.</doc>
<arguments>
<arg>Olá, Tony Stark. Você acessou a área logada!</arg>
</arguments>
<msg timestamp="20201029 20:45:50.318" level="INFO">Current page contains text 'Olá, Tony Stark. Você acessou a área logada!'.</msg>
<status status="PASS" starttime="20201029 20:45:50.291" endtime="20201029 20:45:50.318"></status>
</kw>
<kw name="End Session" library="base" type="teardown">
<kw name="Capture Page Screenshot" library="SeleniumLibrary">
<doc>Takes a screenshot of the current page and embeds it into a log file.</doc>
<msg timestamp="20201029 20:45:50.527" level="INFO" html="yes">&lt;/td&gt;&lt;/tr&gt;&lt;tr&gt;&lt;td colspan="3"&gt;&lt;a href="selenium-screenshot-14.png"&gt;&lt;img src="selenium-screenshot-14.png" width="800px"&gt;&lt;/a&gt;</msg>
<status status="PASS" starttime="20201029 20:45:50.320" endtime="20201029 20:45:50.527"></status>
</kw>
<kw name="Close Browser" library="SeleniumLibrary">
<doc>Closes the current browser.</doc>
<status status="PASS" starttime="20201029 20:45:50.527" endtime="20201029 20:45:51.241"></status>
</kw>
<status status="PASS" starttime="20201029 20:45:50.319" endtime="20201029 20:45:51.241"></status>
</kw>
<status status="PASS" starttime="20201029 20:43:22.332" endtime="20201029 20:45:51.241" critical="yes"></status>
</test>
<test id="s1-t2" name="Login Invalid">
<kw name="New Session" library="base" type="setup">
<kw name="Open Browser" library="SeleniumLibrary">
<doc>Opens a new browser instance to the optional ``url``.</doc>
<arguments>
<arg>${url}</arg>
<arg>firefox</arg>
</arguments>
<msg timestamp="20201029 20:45:51.244" level="INFO">Opening browser 'firefox' to base url 'https://training-wheels-protocol.herokuapp.com'.</msg>
<msg timestamp="20201029 20:45:51.245" level="INFO">Firefox driver log is always forced to to: /home/edson/workspace/labs/robot-framework/qa-ninja/robot/web/tests/log/geckodriver-14.log</msg>
<status status="PASS" starttime="20201029 20:45:51.244" endtime="20201029 20:49:06.987"></status>
</kw>
<status status="PASS" starttime="20201029 20:45:51.243" endtime="20201029 20:49:06.987"></status>
</kw>
<kw name="Go To" library="SeleniumLibrary">
<doc>Navigates the current browser window to the provided ``url``.</doc>
<arguments>
<arg>${url}/login</arg>
</arguments>
<msg timestamp="20201029 20:49:06.988" level="INFO">Opening url 'https://training-wheels-protocol.herokuapp.com/login'</msg>
<status status="PASS" starttime="20201029 20:49:06.988" endtime="20201029 20:49:11.500"></status>
</kw>
<kw name="Login With">
<arguments>
<arg>stark</arg>
<arg>jarvisxpto!</arg>
</arguments>
<kw name="Input Text" library="SeleniumLibrary">
<doc>Types the given ``text`` into the text field identified by ``locator``.</doc>
<arguments>
<arg>css:input[name=username]</arg>
<arg>${username}</arg>
</arguments>
<msg timestamp="20201029 20:49:11.502" level="INFO">Typing text 'stark' into text field 'css:input[name=username]'.</msg>
<status status="PASS" starttime="20201029 20:49:11.501" endtime="20201029 20:49:11.570"></status>
</kw>
<kw name="Input Text" library="SeleniumLibrary">
<doc>Types the given ``text`` into the text field identified by ``locator``.</doc>
<arguments>
<arg>css:input[name=password]</arg>
<arg>${password}</arg>
</arguments>
<msg timestamp="20201029 20:49:11.571" level="INFO">Typing text 'jarvisxpto!' into text field 'css:input[name=password]'.</msg>
<status status="PASS" starttime="20201029 20:49:11.570" endtime="20201029 20:49:11.615"></status>
</kw>
<kw name="Click Element" library="SeleniumLibrary">
<doc>Click the element identified by ``locator``.</doc>
<arguments>
<arg>class:btn-login</arg>
</arguments>
<msg timestamp="20201029 20:49:11.616" level="INFO">Clicking element 'class:btn-login'.</msg>
<status status="PASS" starttime="20201029 20:49:11.615" endtime="20201029 20:49:12.546"></status>
</kw>
<status status="PASS" starttime="20201029 20:49:11.500" endtime="20201029 20:49:12.546"></status>
</kw>
<kw name="Should Contain Login Alert">
<arguments>
<arg>Senha é invalida!</arg>
</arguments>
<kw name="Get WebElement" library="SeleniumLibrary">
<doc>Returns the first WebElement matching the given ``locator``.</doc>
<arguments>
<arg>id:flash</arg>
</arguments>
<assign>
<var>${message}</var>
</assign>
<msg timestamp="20201029 20:49:12.572" level="INFO">${message} = &lt;selenium.webdriver.firefox.webelement.FirefoxWebElement (session="4c29bdef-6b53-475d-9591-0da4105d8c49", element="ce292461-46d1-4c53-9bc1-f8c9ddbbf80e")&gt;</msg>
<status status="PASS" starttime="20201029 20:49:12.547" endtime="20201029 20:49:12.573"></status>
</kw>
<kw name="Should Contain" library="BuiltIn">
<doc>Fails if ``container`` does not contain ``item`` one or more times.</doc>
<arguments>
<arg>${message.text}</arg>
<arg>${expected.message}</arg>
</arguments>
<status status="PASS" starttime="20201029 20:49:12.573" endtime="20201029 20:49:12.608"></status>
</kw>
<status status="PASS" starttime="20201029 20:49:12.546" endtime="20201029 20:49:12.609"></status>
</kw>
<kw name="End Session" library="base" type="teardown">
<kw name="Capture Page Screenshot" library="SeleniumLibrary">
<doc>Takes a screenshot of the current page and embeds it into a log file.</doc>
<msg timestamp="20201029 20:49:12.772" level="INFO" html="yes">&lt;/td&gt;&lt;/tr&gt;&lt;tr&gt;&lt;td colspan="3"&gt;&lt;a href="selenium-screenshot-15.png"&gt;&lt;img src="selenium-screenshot-15.png" width="800px"&gt;&lt;/a&gt;</msg>
<status status="PASS" starttime="20201029 20:49:12.609" endtime="20201029 20:49:12.772"></status>
</kw>
<kw name="Close Browser" library="SeleniumLibrary">
<doc>Closes the current browser.</doc>
<status status="PASS" starttime="20201029 20:49:12.773" endtime="20201029 20:49:13.289"></status>
</kw>
<status status="PASS" starttime="20201029 20:49:12.609" endtime="20201029 20:49:13.289"></status>
</kw>
<tags>
<tag>login_error</tag>
</tags>
<status status="PASS" starttime="20201029 20:45:51.242" endtime="20201029 20:49:13.289" critical="yes"></status>
</test>
<test id="s1-t3" name="User not found (404)">
<kw name="New Session" library="base" type="setup">
<kw name="Open Browser" library="SeleniumLibrary">
<doc>Opens a new browser instance to the optional ``url``.</doc>
<arguments>
<arg>${url}</arg>
<arg>firefox</arg>
</arguments>
<msg timestamp="20201029 20:49:13.296" level="INFO">Opening browser 'firefox' to base url 'https://training-wheels-protocol.herokuapp.com'.</msg>
<msg timestamp="20201029 20:49:13.297" level="INFO">Firefox driver log is always forced to to: /home/edson/workspace/labs/robot-framework/qa-ninja/robot/web/tests/log/geckodriver-15.log</msg>
<status status="PASS" starttime="20201029 20:49:13.295" endtime="20201029 20:52:06.837"></status>
</kw>
<status status="PASS" starttime="20201029 20:49:13.293" endtime="20201029 20:52:06.838"></status>
</kw>
<kw name="Go To" library="SeleniumLibrary">
<doc>Navigates the current browser window to the provided ``url``.</doc>
<arguments>
<arg>${url}/login</arg>
</arguments>
<msg timestamp="20201029 20:52:06.839" level="INFO">Opening url 'https://training-wheels-protocol.herokuapp.com/login'</msg>
<status status="PASS" starttime="20201029 20:52:06.838" endtime="20201029 20:52:12.195"></status>
</kw>
<kw name="Login With">
<arguments>
<arg>edson</arg>
<arg>jarvis!</arg>
</arguments>
<kw name="Input Text" library="SeleniumLibrary">
<doc>Types the given ``text`` into the text field identified by ``locator``.</doc>
<arguments>
<arg>css:input[name=username]</arg>
<arg>${username}</arg>
</arguments>
<msg timestamp="20201029 20:52:12.198" level="INFO">Typing text 'edson' into text field 'css:input[name=username]'.</msg>
<status status="PASS" starttime="20201029 20:52:12.197" endtime="20201029 20:52:12.262"></status>
</kw>
<kw name="Input Text" library="SeleniumLibrary">
<doc>Types the given ``text`` into the text field identified by ``locator``.</doc>
<arguments>
<arg>css:input[name=password]</arg>
<arg>${password}</arg>
</arguments>
<msg timestamp="20201029 20:52:12.263" level="INFO">Typing text 'jarvis!' into text field 'css:input[name=password]'.</msg>
<status status="PASS" starttime="20201029 20:52:12.262" endtime="20201029 20:52:12.301"></status>
</kw>
<kw name="Click Element" library="SeleniumLibrary">
<doc>Click the element identified by ``locator``.</doc>
<arguments>
<arg>class:btn-login</arg>
</arguments>
<msg timestamp="20201029 20:52:12.301" level="INFO">Clicking element 'class:btn-login'.</msg>
<status status="PASS" starttime="20201029 20:52:12.301" endtime="20201029 20:52:15.040"></status>
</kw>
<status status="PASS" starttime="20201029 20:52:12.196" endtime="20201029 20:52:15.040"></status>
</kw>
<kw name="Should Contain Login Alert">
<arguments>
<arg>O usuário informado não está cadastrado!</arg>
</arguments>
<kw name="Get WebElement" library="SeleniumLibrary">
<doc>Returns the first WebElement matching the given ``locator``.</doc>
<arguments>
<arg>id:flash</arg>
</arguments>
<assign>
<var>${message}</var>
</assign>
<msg timestamp="20201029 20:52:15.060" level="INFO">${message} = &lt;selenium.webdriver.firefox.webelement.FirefoxWebElement (session="6156c2de-e543-40be-964d-0b2b48cf086a", element="71cf428b-275d-4479-9567-9e28016b326d")&gt;</msg>
<status status="PASS" starttime="20201029 20:52:15.041" endtime="20201029 20:52:15.060"></status>
</kw>
<kw name="Should Contain" library="BuiltIn">
<doc>Fails if ``container`` does not contain ``item`` one or more times.</doc>
<arguments>
<arg>${message.text}</arg>
<arg>${expected.message}</arg>
</arguments>
<status status="PASS" starttime="20201029 20:52:15.060" endtime="20201029 20:52:15.093"></status>
</kw>
<status status="PASS" starttime="20201029 20:52:15.041" endtime="20201029 20:52:15.093"></status>
</kw>
<kw name="End Session" library="base" type="teardown">
<kw name="Capture Page Screenshot" library="SeleniumLibrary">
<doc>Takes a screenshot of the current page and embeds it into a log file.</doc>
<msg timestamp="20201029 20:52:15.303" level="INFO" html="yes">&lt;/td&gt;&lt;/tr&gt;&lt;tr&gt;&lt;td colspan="3"&gt;&lt;a href="selenium-screenshot-16.png"&gt;&lt;img src="selenium-screenshot-16.png" width="800px"&gt;&lt;/a&gt;</msg>
<status status="PASS" starttime="20201029 20:52:15.094" endtime="20201029 20:52:15.303"></status>
</kw>
<kw name="Close Browser" library="SeleniumLibrary">
<doc>Closes the current browser.</doc>
<status status="PASS" starttime="20201029 20:52:15.303" endtime="20201029 20:52:17.897"></status>
</kw>
<status status="PASS" starttime="20201029 20:52:15.093" endtime="20201029 20:52:17.898"></status>
</kw>
<tags>
<tag>login_not_found</tag>
</tags>
<status status="PASS" starttime="20201029 20:49:13.292" endtime="20201029 20:52:17.898" critical="yes"></status>
</test>
<status status="PASS" starttime="20201029 20:43:22.128" endtime="20201029 20:52:17.900"></status>
</suite>
<statistics>
<total>
<stat pass="3" fail="0">Critical Tests</stat>
<stat pass="3" fail="0">All Tests</stat>
</total>
<tag>
<stat pass="1" fail="0">login_error</stat>
<stat pass="1" fail="0">login_not_found</stat>
</tag>
<suite>
<stat pass="3" fail="0" id="s1" name="Login Form">Login Form</stat>
</suite>
</statistics>
<errors>
</errors>
</robot>
