<?xml version="1.0" encoding="UTF-8"?>
<robot generator="Robot 3.2.2 (Python 3.8.5 on linux)" generated="20201029 19:23:57.777" rpa="false">
<suite id="s1" name="Tables" source="/home/edson/workspace/labs/robot-framework/qa-ninja/robot/web/tests/tables.robot">
<test id="s1-t1" name="Verify the value of the line">
<kw name="New Session" library="base" type="setup">
<kw name="Open Browser" library="SeleniumLibrary">
<doc>Opens a new browser instance to the optional ``url``.</doc>
<arguments>
<arg>${url}</arg>
<arg>firefox</arg>
</arguments>
<msg timestamp="20201029 19:23:58.129" level="INFO">Opening browser 'firefox' to base url 'https://training-wheels-protocol.herokuapp.com'.</msg>
<msg timestamp="20201029 19:23:58.133" level="INFO">Firefox driver log is always forced to to: /home/edson/workspace/labs/robot-framework/qa-ninja/robot/web/tests/log/geckodriver-3.log</msg>
<status status="PASS" starttime="20201029 19:23:58.128" endtime="20201029 19:24:19.220"></status>
</kw>
<status status="PASS" starttime="20201029 19:23:58.128" endtime="20201029 19:24:19.221"></status>
</kw>
<kw name="Go To" library="SeleniumLibrary">
<doc>Navigates the current browser window to the provided ``url``.</doc>
<arguments>
<arg>${url}/tables</arg>
</arguments>
<msg timestamp="20201029 19:24:19.222" level="INFO">Opening url 'https://training-wheels-protocol.herokuapp.com/tables'</msg>
<status status="PASS" starttime="20201029 19:24:19.221" endtime="20201029 19:24:19.968"></status>
</kw>
<kw name="Table Row Should Contain" library="SeleniumLibrary">
<doc>Verifies that table row contains text ``expected``.</doc>
<arguments>
<arg>id:actors</arg>
<arg>2</arg>
<arg>@vindiesel</arg>
</arguments>
<status status="PASS" starttime="20201029 19:24:19.968" endtime="20201029 19:24:20.219"></status>
</kw>
<kw name="End Session" library="base" type="teardown">
<kw name="Capture Page Screenshot" library="SeleniumLibrary">
<doc>Takes a screenshot of the current page and embeds it into a log file.</doc>
<msg timestamp="20201029 19:24:20.538" level="INFO" html="yes">&lt;/td&gt;&lt;/tr&gt;&lt;tr&gt;&lt;td colspan="3"&gt;&lt;a href="selenium-screenshot-3.png"&gt;&lt;img src="selenium-screenshot-3.png" width="800px"&gt;&lt;/a&gt;</msg>
<status status="PASS" starttime="20201029 19:24:20.221" endtime="20201029 19:24:20.538"></status>
</kw>
<kw name="Close Browser" library="SeleniumLibrary">
<doc>Closes the current browser.</doc>
<status status="PASS" starttime="20201029 19:24:20.539" endtime="20201029 19:24:21.687"></status>
</kw>
<status status="PASS" starttime="20201029 19:24:20.220" endtime="20201029 19:24:21.687"></status>
</kw>
<status status="PASS" starttime="20201029 19:23:58.126" endtime="20201029 19:24:21.688" critical="yes"></status>
</test>
<status status="PASS" starttime="20201029 19:23:57.780" endtime="20201029 19:24:21.689"></status>
</suite>
<statistics>
<total>
<stat pass="1" fail="0">Critical Tests</stat>
<stat pass="1" fail="0">All Tests</stat>
</total>
<tag>
</tag>
<suite>
<stat pass="1" fail="0" id="s1" name="Tables">Tables</stat>
</suite>
</statistics>
<errors>
</errors>
</robot>
