<?xml version="1.0" encoding="UTF-8"?>
<robot generator="Robot 3.2.2 (Python 3.8.5 on linux)" generated="20201029 11:33:46.953" rpa="false">
<suite id="s1" name="Tests" source="/home/edson/workspace/labs/robot-framework/qa-ninja/robot/web/tests">
<suite id="s1-s1" name="Checkbox" source="/home/edson/workspace/labs/robot-framework/qa-ninja/robot/web/tests/checkbox.robot">
<test id="s1-s1-t1" name="Mark option with Id">
<kw name="New Session" library="base" type="setup">
<kw name="Open Browser" library="SeleniumLibrary">
<doc>Opens a new browser instance to the optional ``url``.</doc>
<arguments>
<arg>${url}</arg>
<arg>firefox</arg>
</arguments>
<msg timestamp="20201029 11:33:47.271" level="INFO">Opening browser 'firefox' to base url 'https://training-wheels-protocol.herokuapp.com'.</msg>
<msg timestamp="20201029 11:33:47.272" level="INFO">Firefox driver log is always forced to to: /home/edson/workspace/labs/robot-framework/qa-ninja/robot/web/log/geckodriver-4.log</msg>
<status status="PASS" starttime="20201029 11:33:47.270" endtime="20201029 11:33:59.658"></status>
</kw>
<status status="PASS" starttime="20201029 11:33:47.270" endtime="20201029 11:33:59.659"></status>
</kw>
<kw name="Go To" library="SeleniumLibrary">
<doc>Navigates the current browser window to the provided ``url``.</doc>
<arguments>
<arg>${url}/checkboxes</arg>
</arguments>
<msg timestamp="20201029 11:33:59.660" level="INFO">Opening url 'https://training-wheels-protocol.herokuapp.com/checkboxes'</msg>
<status status="PASS" starttime="20201029 11:33:59.659" endtime="20201029 11:34:00.397"></status>
</kw>
<kw name="Select Checkbox" library="SeleniumLibrary">
<doc>Selects the checkbox identified by ``locator``.</doc>
<arguments>
<arg>${check_thor}</arg>
</arguments>
<msg timestamp="20201029 11:34:00.398" level="INFO">Selecting checkbox 'id:thor'.</msg>
<status status="PASS" starttime="20201029 11:34:00.397" endtime="20201029 11:34:00.677"></status>
</kw>
<kw name="Checkbox Should Be Selected" library="SeleniumLibrary">
<doc>Verifies checkbox ``locator`` is selected/checked.</doc>
<arguments>
<arg>${check_thor}</arg>
</arguments>
<msg timestamp="20201029 11:34:00.678" level="INFO">Verifying checkbox 'id:thor' is selected.</msg>
<status status="PASS" starttime="20201029 11:34:00.677" endtime="20201029 11:34:00.722"></status>
</kw>
<kw name="Sleep" library="BuiltIn">
<doc>Pauses the test executed for the given time.</doc>
<arguments>
<arg>1</arg>
</arguments>
<msg timestamp="20201029 11:34:01.723" level="INFO">Slept 1 second</msg>
<status status="PASS" starttime="20201029 11:34:00.722" endtime="20201029 11:34:01.723"></status>
</kw>
<kw name="End Session" library="base" type="teardown">
<kw name="Close Browser" library="SeleniumLibrary">
<doc>Closes the current browser.</doc>
<status status="PASS" starttime="20201029 11:34:01.725" endtime="20201029 11:34:02.677"></status>
</kw>
<status status="PASS" starttime="20201029 11:34:01.724" endtime="20201029 11:34:02.677"></status>
</kw>
<status status="PASS" starttime="20201029 11:33:47.268" endtime="20201029 11:34:02.678" critical="yes"></status>
</test>
<test id="s1-s1-t2" name="Mark option with CSS Selector">
<kw name="New Session" library="base" type="setup">
<kw name="Open Browser" library="SeleniumLibrary">
<doc>Opens a new browser instance to the optional ``url``.</doc>
<arguments>
<arg>${url}</arg>
<arg>firefox</arg>
</arguments>
<msg timestamp="20201029 11:34:02.681" level="INFO">Opening browser 'firefox' to base url 'https://training-wheels-protocol.herokuapp.com'.</msg>
<msg timestamp="20201029 11:34:02.682" level="INFO">Firefox driver log is always forced to to: /home/edson/workspace/labs/robot-framework/qa-ninja/robot/web/log/geckodriver-5.log</msg>
<status status="PASS" starttime="20201029 11:34:02.680" endtime="20201029 11:34:13.911"></status>
</kw>
<status status="PASS" starttime="20201029 11:34:02.680" endtime="20201029 11:34:13.912"></status>
</kw>
<kw name="Go To" library="SeleniumLibrary">
<doc>Navigates the current browser window to the provided ``url``.</doc>
<arguments>
<arg>${url}/checkboxes</arg>
</arguments>
<msg timestamp="20201029 11:34:13.914" level="INFO">Opening url 'https://training-wheels-protocol.herokuapp.com/checkboxes'</msg>
<status status="PASS" starttime="20201029 11:34:13.913" endtime="20201029 11:34:14.663"></status>
</kw>
<kw name="Select Checkbox" library="SeleniumLibrary">
<doc>Selects the checkbox identified by ``locator``.</doc>
<arguments>
<arg>${check_iron}</arg>
</arguments>
<msg timestamp="20201029 11:34:14.665" level="INFO">Selecting checkbox 'css:input[value='iron-man']'.</msg>
<status status="PASS" starttime="20201029 11:34:14.664" endtime="20201029 11:34:14.949"></status>
</kw>
<kw name="Checkbox Should Be Selected" library="SeleniumLibrary">
<doc>Verifies checkbox ``locator`` is selected/checked.</doc>
<arguments>
<arg>${check_iron}</arg>
</arguments>
<msg timestamp="20201029 11:34:14.950" level="INFO">Verifying checkbox 'css:input[value='iron-man']' is selected.</msg>
<status status="PASS" starttime="20201029 11:34:14.950" endtime="20201029 11:34:14.993"></status>
</kw>
<kw name="End Session" library="base" type="teardown">
<kw name="Close Browser" library="SeleniumLibrary">
<doc>Closes the current browser.</doc>
<status status="PASS" starttime="20201029 11:34:14.995" endtime="20201029 11:34:16.031"></status>
</kw>
<status status="PASS" starttime="20201029 11:34:14.994" endtime="20201029 11:34:16.031"></status>
</kw>
<status status="PASS" starttime="20201029 11:34:02.679" endtime="20201029 11:34:16.032" critical="yes"></status>
</test>
<test id="s1-s1-t3" name="Mark option with Xpath">
<kw name="New Session" library="base" type="setup">
<kw name="Open Browser" library="SeleniumLibrary">
<doc>Opens a new browser instance to the optional ``url``.</doc>
<arguments>
<arg>${url}</arg>
<arg>firefox</arg>
</arguments>
<msg timestamp="20201029 11:34:16.036" level="INFO">Opening browser 'firefox' to base url 'https://training-wheels-protocol.herokuapp.com'.</msg>
<msg timestamp="20201029 11:34:16.037" level="INFO">Firefox driver log is always forced to to: /home/edson/workspace/labs/robot-framework/qa-ninja/robot/web/log/geckodriver-6.log</msg>
<status status="PASS" starttime="20201029 11:34:16.036" endtime="20201029 11:34:31.116"></status>
</kw>
<status status="PASS" starttime="20201029 11:34:16.035" endtime="20201029 11:34:31.116"></status>
</kw>
<kw name="Go To" library="SeleniumLibrary">
<doc>Navigates the current browser window to the provided ``url``.</doc>
<arguments>
<arg>${url}/checkboxes</arg>
</arguments>
<msg timestamp="20201029 11:34:31.118" level="INFO">Opening url 'https://training-wheels-protocol.herokuapp.com/checkboxes'</msg>
<status status="PASS" starttime="20201029 11:34:31.117" endtime="20201029 11:34:31.930"></status>
</kw>
<kw name="Select Checkbox" library="SeleniumLibrary">
<doc>Selects the checkbox identified by ``locator``.</doc>
<arguments>
<arg>${check_panther}</arg>
</arguments>
<msg timestamp="20201029 11:34:31.932" level="INFO">Selecting checkbox 'xpath://*[@id='checkboxes']/input[7]'.</msg>
<status status="PASS" starttime="20201029 11:34:31.931" endtime="20201029 11:34:32.211"></status>
</kw>
<kw name="Checkbox Should Be Selected" library="SeleniumLibrary">
<doc>Verifies checkbox ``locator`` is selected/checked.</doc>
<arguments>
<arg>${check_panther}</arg>
</arguments>
<msg timestamp="20201029 11:34:32.212" level="INFO">Verifying checkbox 'xpath://*[@id='checkboxes']/input[7]' is selected.</msg>
<status status="PASS" starttime="20201029 11:34:32.211" endtime="20201029 11:34:32.261"></status>
</kw>
<kw name="End Session" library="base" type="teardown">
<kw name="Close Browser" library="SeleniumLibrary">
<doc>Closes the current browser.</doc>
<status status="PASS" starttime="20201029 11:34:32.263" endtime="20201029 11:34:33.247"></status>
</kw>
<status status="PASS" starttime="20201029 11:34:32.262" endtime="20201029 11:34:33.247"></status>
</kw>
<tags>
<tag>ironman</tag>
</tags>
<status status="PASS" starttime="20201029 11:34:16.033" endtime="20201029 11:34:33.247" critical="yes"></status>
</test>
<status status="PASS" starttime="20201029 11:33:46.997" endtime="20201029 11:34:33.250"></status>
</suite>
<suite id="s1-s2" name="Title" source="/home/edson/workspace/labs/robot-framework/qa-ninja/robot/web/tests/title.robot">
<test id="s1-s2-t1" name="Should See Page Title">
<kw name="New Session" library="base" type="setup">
<kw name="Open Browser" library="SeleniumLibrary">
<doc>Opens a new browser instance to the optional ``url``.</doc>
<arguments>
<arg>${url}</arg>
<arg>firefox</arg>
</arguments>
<msg timestamp="20201029 11:34:33.266" level="INFO">Opening browser 'firefox' to base url 'https://training-wheels-protocol.herokuapp.com'.</msg>
<msg timestamp="20201029 11:34:33.267" level="INFO">Firefox driver log is always forced to to: /home/edson/workspace/labs/robot-framework/qa-ninja/robot/web/log/geckodriver-7.log</msg>
<status status="PASS" starttime="20201029 11:34:33.265" endtime="20201029 11:34:45.344"></status>
</kw>
<status status="PASS" starttime="20201029 11:34:33.265" endtime="20201029 11:34:45.345"></status>
</kw>
<kw name="Title Should Be" library="SeleniumLibrary">
<doc>Verifies that the current page title equals ``title``.</doc>
<arguments>
<arg>Training Wheels Protocol</arg>
</arguments>
<msg timestamp="20201029 11:34:45.357" level="INFO">Page title is 'Training Wheels Protocol'.</msg>
<status status="PASS" starttime="20201029 11:34:45.346" endtime="20201029 11:34:45.357"></status>
</kw>
<kw name="End Session" library="base" type="teardown">
<kw name="Close Browser" library="SeleniumLibrary">
<doc>Closes the current browser.</doc>
<status status="PASS" starttime="20201029 11:34:45.359" endtime="20201029 11:34:46.332"></status>
</kw>
<status status="PASS" starttime="20201029 11:34:45.358" endtime="20201029 11:34:46.333"></status>
</kw>
<status status="PASS" starttime="20201029 11:34:33.264" endtime="20201029 11:34:46.333" critical="yes"></status>
</test>
<status status="PASS" starttime="20201029 11:34:33.257" endtime="20201029 11:34:46.336"></status>
</suite>
<status status="PASS" starttime="20201029 11:33:46.955" endtime="20201029 11:34:46.345"></status>
</suite>
<statistics>
<total>
<stat pass="4" fail="0">Critical Tests</stat>
<stat pass="4" fail="0">All Tests</stat>
</total>
<tag>
<stat pass="1" fail="0">ironman</stat>
</tag>
<suite>
<stat pass="4" fail="0" id="s1" name="Tests">Tests</stat>
<stat pass="3" fail="0" id="s1-s1" name="Checkbox">Tests.Checkbox</stat>
<stat pass="1" fail="0" id="s1-s2" name="Title">Tests.Title</stat>
</suite>
</statistics>
<errors>
<msg timestamp="20201029 11:33:47.002" level="ERROR">Error in file '/home/edson/workspace/labs/robot-framework/qa-ninja/robot/web/tests/base.robot' on line 4: Setting 'Test Setup' is not allowed in resource file.</msg>
<msg timestamp="20201029 11:33:47.003" level="ERROR">Error in file '/home/edson/workspace/labs/robot-framework/qa-ninja/robot/web/tests/base.robot' on line 5: Setting 'Test Teardown' is not allowed in resource file.</msg>
</errors>
</robot>
