<?xml version="1.0" encoding="UTF-8"?>
<robot generator="Robot 3.2.2 (Python 3.8.5 on linux)" generated="20201029 11:16:43.069" rpa="false">
<suite id="s1" name="Checkbox" source="/home/edson/workspace/labs/robot-framework/qa-ninja/robot/web/checkbox.robot">
<test id="s1-t1" name="Mark option with Id">
<kw name="New Session" type="setup">
<kw name="Open Browser" library="SeleniumLibrary">
<doc>Opens a new browser instance to the optional ``url``.</doc>
<arguments>
<arg>${url}</arg>
<arg>firefox</arg>
</arguments>
<msg timestamp="20201029 11:16:43.373" level="INFO">Opening browser 'firefox' to base url 'https://training-wheels-protocol.herokuapp.com'.</msg>
<msg timestamp="20201029 11:16:43.375" level="INFO">Firefox driver log is always forced to to: /home/edson/workspace/labs/robot-framework/qa-ninja/robot/web/log/geckodriver-1.log</msg>
<status status="PASS" starttime="20201029 11:16:43.372" endtime="20201029 11:17:13.671"></status>
</kw>
<status status="PASS" starttime="20201029 11:16:43.372" endtime="20201029 11:17:13.671"></status>
</kw>
<kw name="Go To" library="SeleniumLibrary">
<doc>Navigates the current browser window to the provided ``url``.</doc>
<arguments>
<arg>${url}/checkboxes</arg>
</arguments>
<msg timestamp="20201029 11:17:13.672" level="INFO">Opening url 'https://training-wheels-protocol.herokuapp.com/checkboxes'</msg>
<status status="PASS" starttime="20201029 11:17:13.672" endtime="20201029 11:17:14.356"></status>
</kw>
<kw name="Select Checkbox" library="SeleniumLibrary">
<doc>Selects the checkbox identified by ``locator``.</doc>
<arguments>
<arg>${check_thor}</arg>
</arguments>
<msg timestamp="20201029 11:17:14.357" level="INFO">Selecting checkbox 'id:thor'.</msg>
<status status="PASS" starttime="20201029 11:17:14.356" endtime="20201029 11:17:14.657"></status>
</kw>
<kw name="Checkbox Should Be Selected" library="SeleniumLibrary">
<doc>Verifies checkbox ``locator`` is selected/checked.</doc>
<arguments>
<arg>${check_thor}</arg>
</arguments>
<msg timestamp="20201029 11:17:14.658" level="INFO">Verifying checkbox 'id:thor' is selected.</msg>
<status status="PASS" starttime="20201029 11:17:14.658" endtime="20201029 11:17:14.709"></status>
</kw>
<kw name="Sleep" library="BuiltIn">
<doc>Pauses the test executed for the given time.</doc>
<arguments>
<arg>1</arg>
</arguments>
<msg timestamp="20201029 11:17:15.710" level="INFO">Slept 1 second</msg>
<status status="PASS" starttime="20201029 11:17:14.709" endtime="20201029 11:17:15.710"></status>
</kw>
<kw name="End Session" type="teardown">
<kw name="Close Browser" library="SeleniumLibrary">
<doc>Closes the current browser.</doc>
<status status="PASS" starttime="20201029 11:17:15.712" endtime="20201029 11:17:16.663"></status>
</kw>
<status status="PASS" starttime="20201029 11:17:15.711" endtime="20201029 11:17:16.664"></status>
</kw>
<status status="PASS" starttime="20201029 11:16:43.369" endtime="20201029 11:17:16.664" critical="yes"></status>
</test>
<test id="s1-t2" name="Mark option with CSS Selector">
<kw name="New Session" type="setup">
<kw name="Open Browser" library="SeleniumLibrary">
<doc>Opens a new browser instance to the optional ``url``.</doc>
<arguments>
<arg>${url}</arg>
<arg>firefox</arg>
</arguments>
<msg timestamp="20201029 11:17:16.668" level="INFO">Opening browser 'firefox' to base url 'https://training-wheels-protocol.herokuapp.com'.</msg>
<msg timestamp="20201029 11:17:16.669" level="INFO">Firefox driver log is always forced to to: /home/edson/workspace/labs/robot-framework/qa-ninja/robot/web/log/geckodriver-2.log</msg>
<status status="PASS" starttime="20201029 11:17:16.667" endtime="20201029 11:17:33.169"></status>
</kw>
<status status="PASS" starttime="20201029 11:17:16.667" endtime="20201029 11:17:33.169"></status>
</kw>
<kw name="Go To" library="SeleniumLibrary">
<doc>Navigates the current browser window to the provided ``url``.</doc>
<arguments>
<arg>${url}/checkboxes</arg>
</arguments>
<msg timestamp="20201029 11:17:33.171" level="INFO">Opening url 'https://training-wheels-protocol.herokuapp.com/checkboxes'</msg>
<status status="PASS" starttime="20201029 11:17:33.170" endtime="20201029 11:17:33.851"></status>
</kw>
<kw name="Select Checkbox" library="SeleniumLibrary">
<doc>Selects the checkbox identified by ``locator``.</doc>
<arguments>
<arg>${check_iron}</arg>
</arguments>
<msg timestamp="20201029 11:17:33.855" level="INFO">Selecting checkbox 'css:input[value='iron-man']'.</msg>
<status status="PASS" starttime="20201029 11:17:33.853" endtime="20201029 11:17:34.155"></status>
</kw>
<kw name="Checkbox Should Be Selected" library="SeleniumLibrary">
<doc>Verifies checkbox ``locator`` is selected/checked.</doc>
<arguments>
<arg>${check_iron}</arg>
</arguments>
<msg timestamp="20201029 11:17:34.156" level="INFO">Verifying checkbox 'css:input[value='iron-man']' is selected.</msg>
<status status="PASS" starttime="20201029 11:17:34.156" endtime="20201029 11:17:34.203"></status>
</kw>
<kw name="End Session" type="teardown">
<kw name="Close Browser" library="SeleniumLibrary">
<doc>Closes the current browser.</doc>
<status status="PASS" starttime="20201029 11:17:34.205" endtime="20201029 11:17:35.197"></status>
</kw>
<status status="PASS" starttime="20201029 11:17:34.204" endtime="20201029 11:17:35.197"></status>
</kw>
<status status="PASS" starttime="20201029 11:17:16.665" endtime="20201029 11:17:35.197" critical="yes"></status>
</test>
<test id="s1-t3" name="Mark option with Xpath">
<kw name="New Session" type="setup">
<kw name="Open Browser" library="SeleniumLibrary">
<doc>Opens a new browser instance to the optional ``url``.</doc>
<arguments>
<arg>${url}</arg>
<arg>firefox</arg>
</arguments>
<msg timestamp="20201029 11:17:35.201" level="INFO">Opening browser 'firefox' to base url 'https://training-wheels-protocol.herokuapp.com'.</msg>
<msg timestamp="20201029 11:17:35.201" level="INFO">Firefox driver log is always forced to to: /home/edson/workspace/labs/robot-framework/qa-ninja/robot/web/log/geckodriver-3.log</msg>
<status status="PASS" starttime="20201029 11:17:35.200" endtime="20201029 11:17:45.988"></status>
</kw>
<status status="PASS" starttime="20201029 11:17:35.199" endtime="20201029 11:17:45.989"></status>
</kw>
<kw name="Go To" library="SeleniumLibrary">
<doc>Navigates the current browser window to the provided ``url``.</doc>
<arguments>
<arg>${url}/checkboxes</arg>
</arguments>
<msg timestamp="20201029 11:17:45.990" level="INFO">Opening url 'https://training-wheels-protocol.herokuapp.com/checkboxes'</msg>
<status status="PASS" starttime="20201029 11:17:45.989" endtime="20201029 11:17:46.723"></status>
</kw>
<kw name="Select Checkbox" library="SeleniumLibrary">
<doc>Selects the checkbox identified by ``locator``.</doc>
<arguments>
<arg>${check_panther}</arg>
</arguments>
<msg timestamp="20201029 11:17:46.724" level="INFO">Selecting checkbox 'xpath://*[@id='checkboxes']/input[7]'.</msg>
<status status="PASS" starttime="20201029 11:17:46.724" endtime="20201029 11:17:47.029"></status>
</kw>
<kw name="Checkbox Should Be Selected" library="SeleniumLibrary">
<doc>Verifies checkbox ``locator`` is selected/checked.</doc>
<arguments>
<arg>${check_panther}</arg>
</arguments>
<msg timestamp="20201029 11:17:47.031" level="INFO">Verifying checkbox 'xpath://*[@id='checkboxes']/input[7]' is selected.</msg>
<status status="PASS" starttime="20201029 11:17:47.030" endtime="20201029 11:17:47.077"></status>
</kw>
<kw name="End Session" type="teardown">
<kw name="Close Browser" library="SeleniumLibrary">
<doc>Closes the current browser.</doc>
<status status="PASS" starttime="20201029 11:17:47.078" endtime="20201029 11:17:48.143"></status>
</kw>
<status status="PASS" starttime="20201029 11:17:47.078" endtime="20201029 11:17:48.143"></status>
</kw>
<tags>
<tag>ironman</tag>
</tags>
<status status="PASS" starttime="20201029 11:17:35.198" endtime="20201029 11:17:48.144" critical="yes"></status>
</test>
<status status="PASS" starttime="20201029 11:16:43.070" endtime="20201029 11:17:48.146"></status>
</suite>
<statistics>
<total>
<stat pass="3" fail="0">Critical Tests</stat>
<stat pass="3" fail="0">All Tests</stat>
</total>
<tag>
<stat pass="1" fail="0">ironman</stat>
</tag>
<suite>
<stat pass="3" fail="0" id="s1" name="Checkbox">Checkbox</stat>
</suite>
</statistics>
<errors>
</errors>
</robot>
