<?xml version="1.0" encoding="UTF-8"?>
<robot generator="Robot 3.2.2 (Python 3.8.5 on linux)" generated="20201028 14:08:30.885" rpa="false">
<suite id="s1" name="Checkbox" source="/home/edson/workspace/labs/robot-framework/qa-ninja/robot/web/checkbox.robot">
<test id="s1-t1" name="Should See Page Title">
<kw name="Open Browser" library="SeleniumLibrary">
<doc>Opens a new browser instance to the optional ``url``.</doc>
<arguments>
<arg>${url}</arg>
<arg>firefox</arg>
</arguments>
<msg timestamp="20201028 14:08:31.182" level="INFO">Opening browser 'firefox' to base url 'https://training-wheels-protocol.herokuapp.com'.</msg>
<msg timestamp="20201028 14:08:31.183" level="INFO">Firefox driver log is always forced to to: /home/edson/workspace/labs/robot-framework/qa-ninja/robot/web/geckodriver-1.log</msg>
<status status="PASS" starttime="20201028 14:08:31.182" endtime="20201028 14:08:59.007"></status>
</kw>
<kw name="Go To" library="SeleniumLibrary">
<doc>Navigates the current browser window to the provided ``url``.</doc>
<arguments>
<arg>${url}/checkboxes</arg>
</arguments>
<msg timestamp="20201028 14:08:59.010" level="INFO">Opening url 'https://training-wheels-protocol.herokuapp.com/checkboxes'</msg>
<status status="PASS" starttime="20201028 14:08:59.009" endtime="20201028 14:08:59.735"></status>
</kw>
<kw name="Close Browser" library="SeleniumLibrary">
<doc>Closes the current browser.</doc>
<status status="PASS" starttime="20201028 14:08:59.735" endtime="20201028 14:09:00.716"></status>
</kw>
<status status="PASS" starttime="20201028 14:08:31.180" endtime="20201028 14:09:00.717" critical="yes"></status>
</test>
<status status="PASS" starttime="20201028 14:08:30.888" endtime="20201028 14:09:00.719"></status>
</suite>
<statistics>
<total>
<stat pass="1" fail="0">Critical Tests</stat>
<stat pass="1" fail="0">All Tests</stat>
</total>
<tag>
</tag>
<suite>
<stat pass="1" fail="0" id="s1" name="Checkbox">Checkbox</stat>
</suite>
</statistics>
<errors>
</errors>
</robot>
