<?xml version="1.0" encoding="UTF-8"?>
<robot generator="Robot 3.2.2 (Python 3.8.5 on linux)" generated="20201027 16:37:11.144" rpa="false">
<suite id="s1" name="Title" source="/home/edson/workspace/labs/robot-framework/qa-ninja/robot/web/title.robot">
<test id="s1-t1" name="Should See Page Title">
<kw name="Open Browser" library="SeleniumLibrary">
<doc>Opens a new browser instance to the optional ``url``.</doc>
<arguments>
<arg>https://training-wheels-protocol.herokuapp.com/</arg>
<arg>firefox</arg>
</arguments>
<msg timestamp="20201027 16:37:11.443" level="INFO">Opening browser 'firefox' to base url 'https://training-wheels-protocol.herokuapp.com/'.</msg>
<msg timestamp="20201027 16:37:11.445" level="INFO">Firefox driver log is always forced to to: /home/edson/workspace/labs/robot-framework/qa-ninja/robot/web/geckodriver-1.log</msg>
<status status="PASS" starttime="20201027 16:37:11.442" endtime="20201027 16:37:27.851"></status>
</kw>
<kw name="Title Should Be" library="SeleniumLibrary">
<doc>Verifies that the current page title equals ``title``.</doc>
<arguments>
<arg>Training Wheels Protocol</arg>
</arguments>
<msg timestamp="20201027 16:37:27.880" level="INFO">Page title is 'Training Wheels Protocol'.</msg>
<status status="PASS" starttime="20201027 16:37:27.851" endtime="20201027 16:37:27.881"></status>
</kw>
<kw name="Close Browser" library="SeleniumLibrary">
<doc>Closes the current browser.</doc>
<status status="PASS" starttime="20201027 16:37:27.881" endtime="20201027 16:37:28.985"></status>
</kw>
<status status="PASS" starttime="20201027 16:37:11.441" endtime="20201027 16:37:28.985" critical="yes"></status>
</test>
<status status="PASS" starttime="20201027 16:37:11.146" endtime="20201027 16:37:28.987"></status>
</suite>
<statistics>
<total>
<stat pass="1" fail="0">Critical Tests</stat>
<stat pass="1" fail="0">All Tests</stat>
</total>
<tag>
</tag>
<suite>
<stat pass="1" fail="0" id="s1" name="Title">Title</stat>
</suite>
</statistics>
<errors>
</errors>
</robot>
