<?xml version="1.0" encoding="UTF-8"?>
<robot generator="Robot 3.2.2 (Python 3.8.5 on linux)" generated="20201029 14:21:28.914" rpa="false">
<suite id="s1" name="Radio" source="/home/edson/workspace/labs/robot-framework/qa-ninja/robot/web/tests/radio.robot">
<test id="s1-t1" name="Select for Id">
<kw name="New Session" library="base" type="setup">
<kw name="Open Browser" library="SeleniumLibrary">
<doc>Opens a new browser instance to the optional ``url``.</doc>
<arguments>
<arg>${url}</arg>
<arg>firefox</arg>
</arguments>
<msg timestamp="20201029 14:21:29.095" level="INFO">Opening browser 'firefox' to base url 'https://training-wheels-protocol.herokuapp.com'.</msg>
<msg timestamp="20201029 14:21:29.097" level="INFO">Firefox driver log is always forced to to: /home/edson/workspace/labs/robot-framework/qa-ninja/robot/web/geckodriver-2.log</msg>
<status status="PASS" starttime="20201029 14:21:29.095" endtime="20201029 14:21:55.134"></status>
</kw>
<status status="PASS" starttime="20201029 14:21:29.094" endtime="20201029 14:21:55.135"></status>
</kw>
<kw name="Go To" library="SeleniumLibrary">
<doc>Navigates the current browser window to the provided ``url``.</doc>
<arguments>
<arg>${url}/radios</arg>
</arguments>
<msg timestamp="20201029 14:21:55.136" level="INFO">Opening url 'https://training-wheels-protocol.herokuapp.com/radios'</msg>
<status status="PASS" starttime="20201029 14:21:55.135" endtime="20201029 14:21:57.805"></status>
</kw>
<kw name="Select Radio Button" library="SeleniumLibrary">
<doc>Sets the radio button group ``group_name`` to ``value``.</doc>
<arguments>
<arg>movies</arg>
<arg>cap</arg>
</arguments>
<msg timestamp="20201029 14:21:57.806" level="INFO">Selecting 'cap' from radio button 'movies'.</msg>
<status status="PASS" starttime="20201029 14:21:57.805" endtime="20201029 14:21:58.054"></status>
</kw>
<kw name="Radio Button Should Be Set To" library="SeleniumLibrary">
<doc>Verifies radio button group ``group_name`` is set to ``value``.</doc>
<arguments>
<arg>movies</arg>
<arg>cap</arg>
</arguments>
<msg timestamp="20201029 14:21:58.055" level="INFO">Verifying radio button 'movies' has selection 'cap'.</msg>
<status status="PASS" starttime="20201029 14:21:58.055" endtime="20201029 14:21:58.098"></status>
</kw>
<kw name="End Session" library="base" type="teardown">
<kw name="Capture Page Screenshot" library="SeleniumLibrary">
<doc>Takes a screenshot of the current page and embeds it into a log file.</doc>
<msg timestamp="20201029 14:21:58.337" level="INFO" html="yes">&lt;/td&gt;&lt;/tr&gt;&lt;tr&gt;&lt;td colspan="3"&gt;&lt;a href="selenium-screenshot-2.png"&gt;&lt;img src="selenium-screenshot-2.png" width="800px"&gt;&lt;/a&gt;</msg>
<status status="PASS" starttime="20201029 14:21:58.099" endtime="20201029 14:21:58.337"></status>
</kw>
<kw name="Close Browser" library="SeleniumLibrary">
<doc>Closes the current browser.</doc>
<status status="PASS" starttime="20201029 14:21:58.337" endtime="20201029 14:21:58.975"></status>
</kw>
<status status="PASS" starttime="20201029 14:21:58.098" endtime="20201029 14:21:58.975"></status>
</kw>
<status status="PASS" starttime="20201029 14:21:29.093" endtime="20201029 14:21:58.975" critical="yes"></status>
</test>
<status status="PASS" starttime="20201029 14:21:28.915" endtime="20201029 14:21:58.978"></status>
</suite>
<statistics>
<total>
<stat pass="1" fail="0">Critical Tests</stat>
<stat pass="1" fail="0">All Tests</stat>
</total>
<tag>
</tag>
<suite>
<stat pass="1" fail="0" id="s1" name="Radio">Radio</stat>
</suite>
</statistics>
<errors>
</errors>
</robot>
