<?xml version="1.0" encoding="UTF-8"?>
<robot generator="Robot 3.2.2 (Python 3.8.5 on linux)" generated="20201029 14:49:02.052" rpa="false">
<suite id="s1" name="Select" source="/home/edson/workspace/labs/robot-framework/qa-ninja/robot/web/tests/select.robot">
<test id="s1-t1" name="Select By Text">
<kw name="New Session" library="base" type="setup">
<kw name="Open Browser" library="SeleniumLibrary">
<doc>Opens a new browser instance to the optional ``url``.</doc>
<arguments>
<arg>${url}</arg>
<arg>firefox</arg>
</arguments>
<msg timestamp="20201029 14:49:02.239" level="INFO">Opening browser 'firefox' to base url 'https://training-wheels-protocol.herokuapp.com'.</msg>
<msg timestamp="20201029 14:49:02.239" level="INFO">Firefox driver log is always forced to to: /home/edson/workspace/labs/robot-framework/qa-ninja/robot/web/geckodriver-9.log</msg>
<status status="PASS" starttime="20201029 14:49:02.238" endtime="20201029 14:49:22.217"></status>
</kw>
<status status="PASS" starttime="20201029 14:49:02.237" endtime="20201029 14:49:22.217"></status>
</kw>
<kw name="Go To" library="SeleniumLibrary">
<doc>Navigates the current browser window to the provided ``url``.</doc>
<arguments>
<arg>${url}/dropdown</arg>
</arguments>
<msg timestamp="20201029 14:49:22.219" level="INFO">Opening url 'https://training-wheels-protocol.herokuapp.com/dropdown'</msg>
<status status="PASS" starttime="20201029 14:49:22.218" endtime="20201029 14:49:22.723"></status>
</kw>
<kw name="Select From List By Label" library="SeleniumLibrary">
<doc>Selects options from selection list ``locator`` by ``labels``.</doc>
<arguments>
<arg>class:avenger-list</arg>
<arg>Scott Lang</arg>
</arguments>
<msg timestamp="20201029 14:49:22.724" level="INFO">Selecting options from selection list 'class:avenger-list' by label Scott Lang.</msg>
<status status="PASS" starttime="20201029 14:49:22.723" endtime="20201029 14:49:23.015"></status>
</kw>
<kw name="Get Selected List Value" library="SeleniumLibrary">
<doc>Returns the value of selected option from selection list ``locator``.</doc>
<arguments>
<arg>class:avenger-list</arg>
</arguments>
<assign>
<var>${selected}</var>
</assign>
<msg timestamp="20201029 14:49:23.148" level="INFO">${selected} = 7</msg>
<status status="PASS" starttime="20201029 14:49:23.016" endtime="20201029 14:49:23.148"></status>
</kw>
<kw name="Should Be Equal" library="BuiltIn">
<doc>Fails if the given objects are unequal.</doc>
<arguments>
<arg>${selected}</arg>
<arg>7</arg>
</arguments>
<status status="PASS" starttime="20201029 14:49:23.148" endtime="20201029 14:49:23.149"></status>
</kw>
<kw name="End Session" library="base" type="teardown">
<kw name="Capture Page Screenshot" library="SeleniumLibrary">
<doc>Takes a screenshot of the current page and embeds it into a log file.</doc>
<msg timestamp="20201029 14:49:23.313" level="INFO" html="yes">&lt;/td&gt;&lt;/tr&gt;&lt;tr&gt;&lt;td colspan="3"&gt;&lt;a href="selenium-screenshot-11.png"&gt;&lt;img src="selenium-screenshot-11.png" width="800px"&gt;&lt;/a&gt;</msg>
<status status="PASS" starttime="20201029 14:49:23.151" endtime="20201029 14:49:23.313"></status>
</kw>
<kw name="Close Browser" library="SeleniumLibrary">
<doc>Closes the current browser.</doc>
<status status="PASS" starttime="20201029 14:49:23.314" endtime="20201029 14:49:23.928"></status>
</kw>
<status status="PASS" starttime="20201029 14:49:23.150" endtime="20201029 14:49:23.928"></status>
</kw>
<status status="PASS" starttime="20201029 14:49:02.235" endtime="20201029 14:49:23.929" critical="yes"></status>
</test>
<test id="s1-t2" name="Select By Value">
<kw name="New Session" library="base" type="setup">
<kw name="Open Browser" library="SeleniumLibrary">
<doc>Opens a new browser instance to the optional ``url``.</doc>
<arguments>
<arg>${url}</arg>
<arg>firefox</arg>
</arguments>
<msg timestamp="20201029 14:49:23.932" level="INFO">Opening browser 'firefox' to base url 'https://training-wheels-protocol.herokuapp.com'.</msg>
<msg timestamp="20201029 14:49:23.933" level="INFO">Firefox driver log is always forced to to: /home/edson/workspace/labs/robot-framework/qa-ninja/robot/web/geckodriver-10.log</msg>
<status status="PASS" starttime="20201029 14:49:23.932" endtime="20201029 14:49:41.322"></status>
</kw>
<status status="PASS" starttime="20201029 14:49:23.931" endtime="20201029 14:49:41.323"></status>
</kw>
<kw name="Go To" library="SeleniumLibrary">
<doc>Navigates the current browser window to the provided ``url``.</doc>
<arguments>
<arg>${url}/dropdown</arg>
</arguments>
<msg timestamp="20201029 14:49:41.324" level="INFO">Opening url 'https://training-wheels-protocol.herokuapp.com/dropdown'</msg>
<status status="PASS" starttime="20201029 14:49:41.324" endtime="20201029 14:49:41.863"></status>
</kw>
<kw name="Select From List By Value" library="SeleniumLibrary">
<doc>Selects options from selection list ``locator`` by ``values``.</doc>
<arguments>
<arg>id:dropdown</arg>
<arg>6</arg>
</arguments>
<msg timestamp="20201029 14:49:41.865" level="INFO">Selecting options from selection list 'id:dropdown' by value 6.</msg>
<status status="PASS" starttime="20201029 14:49:41.864" endtime="20201029 14:49:42.156"></status>
</kw>
<kw name="Get Selected List Label" library="SeleniumLibrary">
<doc>Returns the label of selected option from selection list ``locator``.</doc>
<arguments>
<arg>id:dropdown</arg>
</arguments>
<assign>
<var>${selected}</var>
</assign>
<msg timestamp="20201029 14:49:42.308" level="INFO">${selected} = Loki</msg>
<status status="PASS" starttime="20201029 14:49:42.156" endtime="20201029 14:49:42.308"></status>
</kw>
<kw name="Should Be Equal" library="BuiltIn">
<doc>Fails if the given objects are unequal.</doc>
<arguments>
<arg>${selected}</arg>
<arg>Loki</arg>
</arguments>
<status status="PASS" starttime="20201029 14:49:42.309" endtime="20201029 14:49:42.309"></status>
</kw>
<kw name="End Session" library="base" type="teardown">
<kw name="Capture Page Screenshot" library="SeleniumLibrary">
<doc>Takes a screenshot of the current page and embeds it into a log file.</doc>
<msg timestamp="20201029 14:49:42.467" level="INFO" html="yes">&lt;/td&gt;&lt;/tr&gt;&lt;tr&gt;&lt;td colspan="3"&gt;&lt;a href="selenium-screenshot-12.png"&gt;&lt;img src="selenium-screenshot-12.png" width="800px"&gt;&lt;/a&gt;</msg>
<status status="PASS" starttime="20201029 14:49:42.310" endtime="20201029 14:49:42.467"></status>
</kw>
<kw name="Close Browser" library="SeleniumLibrary">
<doc>Closes the current browser.</doc>
<status status="PASS" starttime="20201029 14:49:42.467" endtime="20201029 14:49:43.083"></status>
</kw>
<status status="PASS" starttime="20201029 14:49:42.310" endtime="20201029 14:49:43.084"></status>
</kw>
<status status="PASS" starttime="20201029 14:49:23.930" endtime="20201029 14:49:43.084" critical="yes"></status>
</test>
<status status="PASS" starttime="20201029 14:49:02.053" endtime="20201029 14:49:43.087"></status>
</suite>
<statistics>
<total>
<stat pass="2" fail="0">Critical Tests</stat>
<stat pass="2" fail="0">All Tests</stat>
</total>
<tag>
</tag>
<suite>
<stat pass="2" fail="0" id="s1" name="Select">Select</stat>
</suite>
</statistics>
<errors>
</errors>
</robot>
